# JRE version: Java(TM) SE Runtime Environment (22.0.2+9) (build 22.0.2+9-70)
# Java VM: Java HotSpot(TM) 64-Bit Server VM (22.0.2+9-70, mixed mode, sharing, tiered, compressed oops, compressed class ptrs, g1 gc, windows-amd64)
GC Precious Log:
 CardTable entry size: 512
 Card Set container configuration: InlinePtr #cards 4 size 8 Array Of Cards #cards 16 size 48 Howl #buckets 8 coarsen threshold 3686 Howl Bitmap #cards 512 size 80 coarsen threshold 460 Card regions per heap region 1 cards per card region 4096
 CPUs: 8 total, 8 available
 Memory: 16221M
 Large Page Support: Disabled
 NUMA Support: Disabled
 Compressed Oops: Enabled (Zero based)
 Heap Region Size: 2M
 Heap Min Capacity: 8M
 Heap Initial Capacity: 254M
 Heap Max Capacity: 4056M
 Pre-touch: Disabled
 Parallel Workers: 8
 Concurrent Workers: 2
 Concurrent Refinement Workers: 8
 Periodic GC: Disabled
Heap:
 garbage-first heap   total reserved 4153344K, committed 264192K, used 153320K [0x0000000702800000, 0x0000000800000000)
  region size 2048K, 35 young (71680K), 6 survivors (12288K)
 Metaspace       used 96338K, committed 97344K, reserved 1179648K
  class space    used 13150K, committed 13632K, reserved 1048576K
GC Heap History (20 events):
Event: 2056.956 GC heap before
{Heap before GC invocations=72 (full 0):
 garbage-first heap   total reserved 4153344K, committed 219136K, used 121214K [0x0000000702800000, 0x0000000800000000)
  region size 2048K, 36 young (73728K), 7 survivors (14336K)
 Metaspace       used 96269K, committed 97280K, reserved 1179648K
  class space    used 13149K, committed 13632K, reserved 1048576K
}
Event: 2056.958 GC heap after
{Heap after GC invocations=73 (full 0):
 garbage-first heap   total reserved 4153344K, committed 219136K, used 58793K [0x0000000702800000, 0x0000000800000000)
  region size 2048K, 4 young (8192K), 4 survivors (8192K)
 Metaspace       used 96269K, committed 97280K, reserved 1179648K
  class space    used 13149K, committed 13632K, reserved 1048576K
}
Event: 2060.674 GC heap before
{Heap before GC invocations=74 (full 0):
 garbage-first heap   total reserved 4153344K, committed 219136K, used 183721K [0x0000000702800000, 0x0000000800000000)
  region size 2048K, 62 young (126976K), 4 survivors (8192K)
 Metaspace       used 96287K, committed 97344K, reserved 1179648K
  class space    used 13149K, committed 13632K, reserved 1048576K
}
Event: 2060.676 GC heap after
{Heap after GC invocations=75 (full 0):
 garbage-first heap   total reserved 4153344K, committed 219136K, used 67088K [0x0000000702800000, 0x0000000800000000)
  region size 2048K, 8 young (16384K), 8 survivors (16384K)
 Metaspace       used 96287K, committed 97344K, reserved 1179648K
  class space    used 13149K, committed 13632K, reserved 1048576K
}
Event: 2060.907 GC heap before
{Heap before GC invocations=75 (full 0):
 garbage-first heap   total reserved 4153344K, committed 219136K, used 179728K [0x0000000702800000, 0x0000000800000000)
  region size 2048K, 61 young (124928K), 8 survivors (16384K)
 Metaspace       used 96290K, committed 97344K, reserved 1179648K
  class space    used 13149K, committed 13632K, reserved 1048576K
}
Event: 2060.910 GC heap after
{Heap after GC invocations=76 (full 0):
 garbage-first heap   total reserved 4153344K, committed 219136K, used 66251K [0x0000000702800000, 0x0000000800000000)
  region size 2048K, 7 young (14336K), 7 survivors (14336K)
 Metaspace       used 96290K, committed 97344K, reserved 1179648K
  class space    used 13149K, committed 13632K, reserved 1048576K
}
Event: 2317.187 GC heap before
{Heap before GC invocations=76 (full 0):
 garbage-first heap   total reserved 4153344K, committed 219136K, used 146123K [0x0000000702800000, 0x0000000800000000)
  region size 2048K, 48 young (98304K), 7 survivors (14336K)
 Metaspace       used 96302K, committed 97344K, reserved 1179648K
  class space    used 13149K, committed 13632K, reserved 1048576K
}
Event: 2317.189 GC heap after
{Heap after GC invocations=77 (full 0):
 garbage-first heap   total reserved 4153344K, committed 219136K, used 65009K [0x0000000702800000, 0x0000000800000000)
  region size 2048K, 7 young (14336K), 7 survivors (14336K)
 Metaspace       used 96302K, committed 97344K, reserved 1179648K
  class space    used 13149K, committed 13632K, reserved 1048576K
}
Event: 2317.439 GC heap before
{Heap before GC invocations=78 (full 0):
 garbage-first heap   total reserved 4153344K, committed 219136K, used 181745K [0x0000000702800000, 0x0000000800000000)
  region size 2048K, 61 young (124928K), 7 survivors (14336K)
 Metaspace       used 96318K, committed 97344K, reserved 1179648K
  class space    used 13150K, committed 13632K, reserved 1048576K
}
Event: 2317.441 GC heap after
{Heap after GC invocations=79 (full 0):
 garbage-first heap   total reserved 4153344K, committed 219136K, used 64063K [0x0000000702800000, 0x0000000800000000)
  region size 2048K, 6 young (12288K), 6 survivors (12288K)
 Metaspace       used 96318K, committed 97344K, reserved 1179648K
  class space    used 13150K, committed 13632K, reserved 1048576K
}
Event: 2331.640 GC heap before
{Heap before GC invocations=79 (full 0):
 garbage-first heap   total reserved 4153344K, committed 219136K, used 182847K [0x0000000702800000, 0x0000000800000000)
  region size 2048K, 62 young (126976K), 6 survivors (12288K)
 Metaspace       used 96320K, committed 97344K, reserved 1179648K
  class space    used 13150K, committed 13632K, reserved 1048576K
}
Event: 2331.643 GC heap after
{Heap after GC invocations=80 (full 0):
 garbage-first heap   total reserved 4153344K, committed 219136K, used 66281K [0x0000000702800000, 0x0000000800000000)
  region size 2048K, 8 young (16384K), 8 survivors (16384K)
 Metaspace       used 96320K, committed 97344K, reserved 1179648K
  class space    used 13150K, committed 13632K, reserved 1048576K
}
Event: 2331.645 GC heap before
{Heap before GC invocations=80 (full 0):
 garbage-first heap   total reserved 4153344K, committed 219136K, used 70377K [0x0000000702800000, 0x0000000800000000)
  region size 2048K, 12 young (24576K), 8 survivors (16384K)
 Metaspace       used 96320K, committed 97344K, reserved 1179648K
  class space    used 13150K, committed 13632K, reserved 1048576K
}
Event: 2331.647 GC heap after
{Heap after GC invocations=81 (full 0):
 garbage-first heap   total reserved 4153344K, committed 219136K, used 69329K [0x0000000702800000, 0x0000000800000000)
  region size 2048K, 2 young (4096K), 2 survivors (4096K)
 Metaspace       used 96320K, committed 97344K, reserved 1179648K
  class space    used 13150K, committed 13632K, reserved 1048576K
}
Event: 2331.867 GC heap before
{Heap before GC invocations=82 (full 0):
 garbage-first heap   total reserved 4153344K, committed 219136K, used 155345K [0x0000000702800000, 0x0000000800000000)
  region size 2048K, 43 young (88064K), 2 survivors (4096K)
 Metaspace       used 96329K, committed 97344K, reserved 1179648K
  class space    used 13150K, committed 13632K, reserved 1048576K
}
Event: 2331.869 GC heap after
{Heap after GC invocations=83 (full 0):
 garbage-first heap   total reserved 4153344K, committed 219136K, used 77252K [0x0000000702800000, 0x0000000800000000)
  region size 2048K, 6 young (12288K), 6 survivors (12288K)
 Metaspace       used 96329K, committed 97344K, reserved 1179648K
  class space    used 13150K, committed 13632K, reserved 1048576K
}
Event: 2331.996 GC heap before
{Heap before GC invocations=83 (full 0):
 garbage-first heap   total reserved 4153344K, committed 219136K, used 165316K [0x0000000702800000, 0x0000000800000000)
  region size 2048K, 47 young (96256K), 6 survivors (12288K)
 Metaspace       used 96329K, committed 97344K, reserved 1179648K
  class space    used 13150K, committed 13632K, reserved 1048576K
}
Event: 2331.999 GC heap after
{Heap after GC invocations=84 (full 0):
 garbage-first heap   total reserved 4153344K, committed 219136K, used 83151K [0x0000000702800000, 0x0000000800000000)
  region size 2048K, 6 young (12288K), 6 survivors (12288K)
 Metaspace       used 96329K, committed 97344K, reserved 1179648K
  class space    used 13150K, committed 13632K, reserved 1048576K
}
Event: 2449.584 GC heap before
{Heap before GC invocations=84 (full 0):
 garbage-first heap   total reserved 4153344K, committed 219136K, used 120015K [0x0000000702800000, 0x0000000800000000)
  region size 2048K, 26 young (53248K), 6 survivors (12288K)
 Metaspace       used 96338K, committed 97344K, reserved 1179648K
  class space    used 13150K, committed 13632K, reserved 1048576K
}
Event: 2449.587 GC heap after
{Heap after GC invocations=85 (full 0):
 garbage-first heap   total reserved 4153344K, committed 264192K, used 91880K [0x0000000702800000, 0x0000000800000000)
  region size 2048K, 6 young (12288K), 6 survivors (12288K)
 Metaspace       used 96338K, committed 97344K, reserved 1179648K
  class space    used 13150K, committed 13632K, reserved 1048576K
}

